<?xml version="1.0" encoding="UTF-8"?>
<!-- Generated by org.testng.reporters.JUnitXMLReporter -->
<testsuite ignored="0" hostname="Grotleuser" failures="0" tests="3" name="Default test" time="62.971" errors="0" timestamp="2022-01-19T17:32:32 ICT">
  <testcase classname="com.juaracoding.psikotes.mobile.TestPsikotes" name="HomePage" time="12.994"/>
  <testcase classname="com.juaracoding.psikotes.mobile.TestPsikotes" name="daftarPage" time="22.728"/>
  <testcase classname="com.juaracoding.psikotes.mobile.TestPsikotes" name="testPage" time="10.577"/>
</testsuite> <!-- Default test -->
