<?xml version="1.0" encoding="UTF-8"?>
<testng-results ignored="0" total="3" passed="3" failed="0" skipped="0">
  <reporter-output>
  </reporter-output>
  <suite started-at="2022-01-19T17:31:29 ICT" name="Default suite" finished-at="2022-01-19T17:32:32 ICT" duration-ms="62971">
    <groups>
    </groups>
    <test started-at="2022-01-19T17:31:29 ICT" name="Default test" finished-at="2022-01-19T17:32:32 ICT" duration-ms="62971">
      <class name="com.juaracoding.psikotes.mobile.TestPsikotes">
        <test-method is-config="true" signature="reportSetup()[pri:0, instance:com.juaracoding.psikotes.mobile.TestPsikotes@15eb5ee5]" started-at="2022-01-19T17:31:28 ICT" name="reportSetup" finished-at="2022-01-19T17:31:29 ICT" duration-ms="331" status="PASS">
          <reporter-output>
          </reporter-output>
        </test-method> <!-- reportSetup -->
        <test-method is-config="true" signature="openWeb()[pri:0, instance:com.juaracoding.psikotes.mobile.TestPsikotes@15eb5ee5]" started-at="2022-01-19T17:31:29 ICT" name="openWeb" finished-at="2022-01-19T17:31:45 ICT" duration-ms="16561" status="PASS">
          <reporter-output>
          </reporter-output>
        </test-method> <!-- openWeb -->
        <test-method signature="HomePage()[pri:0, instance:com.juaracoding.psikotes.mobile.TestPsikotes@15eb5ee5]" started-at="2022-01-19T17:31:45 ICT" name="HomePage" finished-at="2022-01-19T17:31:58 ICT" duration-ms="12994" status="PASS">
          <reporter-output>
          </reporter-output>
        </test-method> <!-- HomePage -->
        <test-method signature="daftarPage()[pri:0, instance:com.juaracoding.psikotes.mobile.TestPsikotes@15eb5ee5]" started-at="2022-01-19T17:31:58 ICT" name="daftarPage" finished-at="2022-01-19T17:32:21 ICT" duration-ms="22728" status="PASS">
          <reporter-output>
          </reporter-output>
        </test-method> <!-- daftarPage -->
        <test-method signature="testPage()[pri:0, instance:com.juaracoding.psikotes.mobile.TestPsikotes@15eb5ee5]" started-at="2022-01-19T17:32:21 ICT" name="testPage" finished-at="2022-01-19T17:32:32 ICT" duration-ms="10577" status="PASS">
          <reporter-output>
          </reporter-output>
        </test-method> <!-- testPage -->
        <test-method is-config="true" signature="reportTeardown()[pri:0, instance:com.juaracoding.psikotes.mobile.TestPsikotes@15eb5ee5]" started-at="2022-01-19T17:32:32 ICT" name="reportTeardown" finished-at="2022-01-19T17:32:33 ICT" duration-ms="926" status="PASS">
          <reporter-output>
          </reporter-output>
        </test-method> <!-- reportTeardown -->
      </class> <!-- com.juaracoding.psikotes.mobile.TestPsikotes -->
    </test> <!-- Default test -->
  </suite> <!-- Default suite -->
</testng-results>
